Judas hunt: 3200 combos

  FULL PASS kill 700-900 asian_opposite min8.0 max1/d | $3507.03
  FULL PASS kill 700-900 asian_opposite min8.0 max2/d | $4471.12
  FULL PASS kill 700-900 asian_opposite min10.0 max1/d | $2344.72
  FULL PASS kill 700-900 asian_opposite min10.0 max2/d | $3352.5
  FULL PASS kill 700-900 asian_opposite min12.0 max2/d | $4196.41
  FULL PASS kill 700-900 asian_opposite min15.0 max1/d | $2438.3
  FULL PASS kill 700-900 asian_opposite min15.0 max2/d | $2460.67
  NEAR kill 700-900 pnl=$222.29 dd=-7.52%
  NEAR kill 700-900 pnl=$222.29 dd=-7.52%
  FULL PASS kill 700-900 asian_opposite min8.0 max1/d | $3507.03
  FULL PASS kill 700-900 asian_opposite min8.0 max2/d | $4471.12
  FULL PASS kill 700-900 asian_opposite min10.0 max1/d | $2344.72
  FULL PASS kill 700-900 asian_opposite min10.0 max2/d | $3352.5
  FULL PASS kill 700-900 asian_opposite min12.0 max2/d | $4196.41
  FULL PASS kill 700-900 asian_opposite min15.0 max1/d | $2438.3
  FULL PASS kill 700-900 asian_opposite min15.0 max2/d | $2460.67
  NEAR kill 700-900 pnl=$222.29 dd=-7.52%
  NEAR kill 700-900 pnl=$222.29 dd=-7.52%
  FULL PASS kill 700-900 asian_opposite min8.0 max1/d | $3507.03
  FULL PASS kill 700-900 asian_opposite min8.0 max2/d | $4471.12
  FULL PASS kill 700-900 asian_opposite min10.0 max1/d | $2344.72
  FULL PASS kill 700-900 asian_opposite min10.0 max2/d | $3352.5
  FULL PASS kill 700-900 asian_opposite min12.0 max2/d | $4196.41
  FULL PASS kill 700-900 asian_opposite min15.0 max1/d | $2438.3
  FULL PASS kill 700-900 asian_opposite min15.0 max2/d | $2460.67
  NEAR kill 700-900 pnl=$222.29 dd=-7.52%
  NEAR kill 700-900 pnl=$222.29 dd=-7.52%
  FULL PASS kill 700-900 asian_opposite min8.0 max1/d | $3507.03
  FULL PASS kill 700-900 asian_opposite min8.0 max2/d | $4471.12
  FULL PASS kill 700-900 asian_opposite min10.0 max1/d | $2344.72
  FULL PASS kill 700-900 asian_opposite min10.0 max2/d | $3352.5
  FULL PASS kill 700-900 asian_opposite min12.0 max2/d | $4196.41
  FULL PASS kill 700-900 asian_opposite min15.0 max1/d | $2438.3
  FULL PASS kill 700-900 asian_opposite min15.0 max2/d | $2460.67
  NEAR kill 700-900 pnl=$222.29 dd=-7.52%
  NEAR kill 700-900 pnl=$222.29 dd=-7.52%
  80/3200
  FULL PASS kill 700-900 range_mult min8.0 max1/d | $4436.12
  FULL PASS kill 700-900 range_mult min8.0 max2/d | $4706.99
  FULL PASS kill 700-900 range_mult min10.0 max1/d | $2715.63
  FULL PASS kill 700-900 range_mult min10.0 max2/d | $3056.53
  FULL PASS kill 700-900 range_mult min12.0 max2/d | $3947.63
  FULL PASS kill 700-900 range_mult min15.0 max1/d | $3215.56
  FULL PASS kill 700-900 range_mult min15.0 max2/d | $3075.94
  FULL PASS kill 700-900 range_mult min20.0 max1/d | $494.77
  FULL PASS kill 700-900 range_mult min20.0 max2/d | $494.77
  FULL PASS kill 700-900 range_mult min8.0 max1/d | $3919.73
  FULL PASS kill 700-900 range_mult min8.0 max2/d | $4474.86
  FULL PASS kill 700-900 range_mult min10.0 max1/d | $2493.3
  FULL PASS kill 700-900 range_mult min10.0 max2/d | $2959.65
  FULL PASS kill 700-900 range_mult min12.0 max2/d | $3650.71
  FULL PASS kill 700-900 range_mult min15.0 max1/d | $2532.21
  FULL PASS kill 700-900 range_mult min15.0 max2/d | $2532.21
  FULL PASS kill 700-900 range_mult min20.0 max1/d | $493.11
  FULL PASS kill 700-900 range_mult min20.0 max2/d | $493.11
  FULL PASS kill 700-900 range_mult min8.0 max1/d | $4101.75
  FULL PASS kill 700-900 range_mult min8.0 max2/d | $4668.21
  FULL PASS kill 700-900 range_mult min10.0 max1/d | $2646.21
  FULL PASS kill 700-900 range_mult min10.0 max2/d | $3122.08
  FULL PASS kill 700-900 range_mult min12.0 max2/d | $3956.22
  FULL PASS kill 700-900 range_mult min15.0 max1/d | $2532.21
  FULL PASS kill 700-900 range_mult min15.0 max2/d | $2532.21
  FULL PASS kill 700-900 range_mult min20.0 max1/d | $493.11
  FULL PASS kill 700-900 range_mult min20.0 max2/d | $493.11
  FULL PASS kill 700-900 range_mult min8.0 max1/d | $4412.22
  FULL PASS kill 700-900 range_mult min8.0 max2/d | $4998.0
  FULL PASS kill 700-900 range_mult min10.0 max1/d | $2907.03
  FULL PASS kill 700-900 range_mult min10.0 max2/d | $3399.13
  FULL PASS kill 700-900 range_mult min12.0 max1/d | $3719.08
  FULL PASS kill 700-900 range_mult min12.0 max2/d | $4261.72
  FULL PASS kill 700-900 range_mult min15.0 max1/d | $2532.21
  FULL PASS kill 700-900 range_mult min15.0 max2/d | $2532.21
  FULL PASS kill 700-900 range_mult min20.0 max1/d | $493.11
  FULL PASS kill 700-900 range_mult min20.0 max2/d | $493.11
  160/3200
  240/3200
  320/3200
  400/3200
  480/3200
  560/3200
  640/3200
  FULL PASS kill 800-1100 asian_opposite min20.0 max2/d | $1690.2
  FULL PASS kill 800-1100 asian_opposite min20.0 max2/d | $1690.2
  FULL PASS kill 800-1100 asian_opposite min20.0 max2/d | $1690.2
  FULL PASS kill 800-1100 asian_opposite min20.0 max2/d | $1690.2
  720/3200
  800/3200
  FULL PASS kill 700-900 asian_opposite min20.0 max1/d | $971.09
  FULL PASS kill 700-900 asian_opposite min20.0 max2/d | $946.89
  FULL PASS kill 700-900 asian_opposite min20.0 max1/d | $971.09
  FULL PASS kill 700-900 asian_opposite min20.0 max2/d | $946.89
  FULL PASS kill 700-900 asian_opposite min20.0 max1/d | $971.09
  FULL PASS kill 700-900 asian_opposite min20.0 max2/d | $946.89
  FULL PASS kill 700-900 asian_opposite min20.0 max1/d | $971.09
  FULL PASS kill 700-900 asian_opposite min20.0 max2/d | $946.89
  880/3200
  FULL PASS kill 700-900 range_mult min20.0 max1/d | $1234.56
  FULL PASS kill 700-900 range_mult min20.0 max2/d | $1234.56
  NEAR kill 700-900 pnl=$211.93 dd=-4.73%
  FULL PASS kill 700-900 range_mult min20.0 max1/d | $1232.67
  FULL PASS kill 700-900 range_mult min20.0 max2/d | $1232.67
  NEAR kill 700-900 pnl=$395.99 dd=-1.36%
  FULL PASS kill 700-900 range_mult min20.0 max1/d | $1232.67
  FULL PASS kill 700-900 range_mult min20.0 max2/d | $1232.67
  NEAR kill 700-900 pnl=$253.12 dd=-3.97%
  FULL PASS kill 700-900 range_mult min8.0 max2/d | $580.05
  FULL PASS kill 700-900 range_mult min20.0 max1/d | $1232.67
  FULL PASS kill 700-900 range_mult min20.0 max2/d | $1232.67
  960/3200
  1040/3200
  1120/3200
  1200/3200
  1280/3200
  1360/3200
  1440/3200
  FULL PASS kill 800-1100 asian_opposite min20.0 max1/d | $3263.94
  FULL PASS kill 800-1100 asian_opposite min20.0 max2/d | $2956.96
  FULL PASS kill 800-1100 asian_opposite min20.0 max1/d | $3263.94
  FULL PASS kill 800-1100 asian_opposite min20.0 max2/d | $2956.96
  FULL PASS kill 800-1100 asian_opposite min20.0 max1/d | $3263.94
  FULL PASS kill 800-1100 asian_opposite min20.0 max2/d | $2956.96
  FULL PASS kill 800-1100 asian_opposite min20.0 max1/d | $3263.94
  FULL PASS kill 800-1100 asian_opposite min20.0 max2/d | $2956.96
  1520/3200
  FULL PASS kill 800-1100 range_mult min20.0 max1/d | $3535.1
  FULL PASS kill 800-1100 range_mult min20.0 max2/d | $3535.1
  FULL PASS kill 800-1100 range_mult min20.0 max1/d | $3535.1
  FULL PASS kill 800-1100 range_mult min20.0 max2/d | $3535.1
  FULL PASS kill 800-1100 range_mult min20.0 max1/d | $3535.1
  FULL PASS kill 800-1100 range_mult min20.0 max2/d | $3535.1
  FULL PASS kill 800-1100 range_mult min20.0 max1/d | $3535.1
  FULL PASS kill 800-1100 range_mult min20.0 max2/d | $3535.1
  1600/3200
  FULL PASS kill 700-900 asian_opposite min20.0 max1/d | $1153.62
  FULL PASS kill 700-900 asian_opposite min20.0 max2/d | $1128.68
  FULL PASS kill 700-900 asian_opposite min20.0 max1/d | $1153.62
  FULL PASS kill 700-900 asian_opposite min20.0 max2/d | $1128.68
  FULL PASS kill 700-900 asian_opposite min20.0 max1/d | $1153.62
  FULL PASS kill 700-900 asian_opposite min20.0 max2/d | $1128.68
  FULL PASS kill 700-900 asian_opposite min20.0 max1/d | $1153.62
  FULL PASS kill 700-900 asian_opposite min20.0 max2/d | $1128.68
  1680/3200
  FULL PASS kill 700-900 range_mult min20.0 max1/d | $1425.15
  FULL PASS kill 700-900 range_mult min20.0 max2/d | $1425.15
  FULL PASS kill 700-900 range_mult min20.0 max1/d | $1423.2
  FULL PASS kill 700-900 range_mult min20.0 max2/d | $1423.2
  FULL PASS kill 700-900 range_mult min20.0 max1/d | $1423.2
  FULL PASS kill 700-900 range_mult min20.0 max2/d | $1423.2
  FULL PASS kill 700-900 range_mult min20.0 max1/d | $1423.2
  FULL PASS kill 700-900 range_mult min20.0 max2/d | $1423.2
  1760/3200
  1840/3200
  1920/3200
  2000/3200
  2080/3200
  2160/3200
  2240/3200
  FULL PASS kill 800-1100 asian_opposite min20.0 max1/d | $4714.96
  FULL PASS kill 800-1100 asian_opposite min20.0 max2/d | $4115.68
  FULL PASS kill 800-1100 asian_opposite min20.0 max1/d | $4714.96
  FULL PASS kill 800-1100 asian_opposite min20.0 max2/d | $4115.68
  FULL PASS kill 800-1100 asian_opposite min20.0 max1/d | $4714.96
  FULL PASS kill 800-1100 asian_opposite min20.0 max2/d | $4115.68
  FULL PASS kill 800-1100 asian_opposite min20.0 max1/d | $4714.96
  FULL PASS kill 800-1100 asian_opposite min20.0 max2/d | $4115.68
  2320/3200
  FULL PASS kill 800-1100 range_mult min20.0 max1/d | $6296.52
  FULL PASS kill 800-1100 range_mult min20.0 max2/d | $6296.52
  FULL PASS kill 800-1100 range_mult min20.0 max1/d | $5791.36
  FULL PASS kill 800-1100 range_mult min20.0 max2/d | $5791.36
  FULL PASS kill 800-1100 range_mult min20.0 max1/d | $5791.36
  FULL PASS kill 800-1100 range_mult min20.0 max2/d | $5791.36
  FULL PASS kill 800-1100 range_mult min20.0 max1/d | $5791.36
  FULL PASS kill 800-1100 range_mult min20.0 max2/d | $5791.36
  2400/3200
  FULL PASS kill 700-900 asian_opposite min20.0 max1/d | $950.21
  FULL PASS kill 700-900 asian_opposite min20.0 max2/d | $926.1
  FULL PASS kill 700-900 asian_opposite min20.0 max1/d | $950.21
  FULL PASS kill 700-900 asian_opposite min20.0 max2/d | $926.1
  FULL PASS kill 700-900 asian_opposite min20.0 max1/d | $950.21
  FULL PASS kill 700-900 asian_opposite min20.0 max2/d | $926.1
  FULL PASS kill 700-900 asian_opposite min20.0 max1/d | $950.21
  FULL PASS kill 700-900 asian_opposite min20.0 max2/d | $926.1
  2480/3200
  FULL PASS kill 700-900 range_mult min20.0 max1/d | $1216.95
  FULL PASS kill 700-900 range_mult min20.0 max2/d | $1216.95
  FULL PASS kill 700-900 range_mult min20.0 max1/d | $1215.07
  FULL PASS kill 700-900 range_mult min20.0 max2/d | $1215.07
  FULL PASS kill 700-900 range_mult min20.0 max1/d | $1215.07
  FULL PASS kill 700-900 range_mult min20.0 max2/d | $1215.07
  FULL PASS kill 700-900 range_mult min20.0 max1/d | $1215.07
  FULL PASS kill 700-900 range_mult min20.0 max2/d | $1215.07
  2560/3200
  2640/3200
  2720/3200
  2800/3200
  2880/3200
  2960/3200
  3040/3200
  3120/3200
  3200/3200
  30d HIT 10.7% med=14d kill 800-1100
  30d HIT 10.7% med=14d kill 800-1100
  30d HIT 10.7% med=14d kill 800-1100
  30d HIT 10.7% med=14d kill 800-1100
  30d HIT 10.7% med=14d kill 800-1100
  30d HIT 10.7% med=14d kill 800-1100
  30d HIT 10.7% med=14d kill 800-1100
  30d HIT 10.7% med=14d kill 800-1100
  30d HIT 23.2% med=9d kill 700-900
  30d HIT 10.7% med=14d kill 800-1100
  30d HIT 10.7% med=14d kill 800-1100
  30d HIT 10.7% med=14d kill 800-1100
  30d HIT 10.7% med=14d kill 800-1100
  30d HIT 23.2% med=10d kill 700-900
  30d HIT 23.2% med=9d kill 700-900
  30d HIT 23.2% med=9d kill 700-900
  30d HIT 23.2% med=11d kill 700-900
  30d HIT 23.2% med=11d kill 700-900
  30d HIT 23.2% med=11d kill 700-900
  30d HIT 23.2% med=11d kill 700-900
  30d HIT 23.2% med=10d kill 700-900
  30d HIT 23.2% med=9d kill 700-900
  30d HIT 23.2% med=12d kill 700-900
  30d HIT 19.6% med=12d kill 700-900
  30d HIT 19.6% med=12d kill 700-900

Full pass: 150 | 30d: 25 → /Users/santiago/Documents/Personal/trading/data/forex_cache/hunt_judas.json
